  main.cpp
BWEM-Debug.lib(map.obj) : warning LNK4075: ' /EDITANDCONTINUE' ignoré à cause de la spécification '/INCREMENTAL:NO'
BWAPILIB.lib(AIModule.obj) : warning LNK4099: PDB 'BWAPILIB.pdb' n'a pu être trouvé avec 'BWAPILIB.lib(AIModule.obj)' ou sur 'C:\Users\mpilc\Documents\StarcraftAI\windows\c++\bin\BWAPILIB.pdb' ; l'objet sera lié sans informations de débogage
BWAPILIB.lib(Event.obj) : warning LNK4099: PDB 'BWAPILIB.pdb' n'a pu être trouvé avec 'BWAPILIB.lib(Event.obj)' ou sur 'C:\Users\mpilc\Documents\StarcraftAI\windows\c++\bin\BWAPILIB.pdb' ; l'objet sera lié sans informations de débogage
BWAPILIB.lib(Filters.obj) : warning LNK4099: PDB 'BWAPILIB.pdb' n'a pu être trouvé avec 'BWAPILIB.lib(Filters.obj)' ou sur 'C:\Users\mpilc\Documents\StarcraftAI\windows\c++\bin\BWAPILIB.pdb' ; l'objet sera lié sans informations de débogage
BWAPILIB.lib(Game.obj) : warning LNK4099: PDB 'BWAPILIB.pdb' n'a pu être trouvé avec 'BWAPILIB.lib(Game.obj)' ou sur 'C:\Users\mpilc\Documents\StarcraftAI\windows\c++\bin\BWAPILIB.pdb' ; l'objet sera lié sans informations de débogage
BWAPILIB.lib(Player.obj) : warning LNK4099: PDB 'BWAPILIB.pdb' n'a pu être trouvé avec 'BWAPILIB.lib(Player.obj)' ou sur 'C:\Users\mpilc\Documents\StarcraftAI\windows\c++\bin\BWAPILIB.pdb' ; l'objet sera lié sans informations de débogage
BWAPILIB.lib(Position.obj) : warning LNK4099: PDB 'BWAPILIB.pdb' n'a pu être trouvé avec 'BWAPILIB.lib(Position.obj)' ou sur 'C:\Users\mpilc\Documents\StarcraftAI\windows\c++\bin\BWAPILIB.pdb' ; l'objet sera lié sans informations de débogage
BWAPILIB.lib(TechType.obj) : warning LNK4099: PDB 'BWAPILIB.pdb' n'a pu être trouvé avec 'BWAPILIB.lib(TechType.obj)' ou sur 'C:\Users\mpilc\Documents\StarcraftAI\windows\c++\bin\BWAPILIB.pdb' ; l'objet sera lié sans informations de débogage
BWAPILIB.lib(Unit.obj) : warning LNK4099: PDB 'BWAPILIB.pdb' n'a pu être trouvé avec 'BWAPILIB.lib(Unit.obj)' ou sur 'C:\Users\mpilc\Documents\StarcraftAI\windows\c++\bin\BWAPILIB.pdb' ; l'objet sera lié sans informations de débogage
BWAPILIB.lib(Unitset.obj) : warning LNK4099: PDB 'BWAPILIB.pdb' n'a pu être trouvé avec 'BWAPILIB.lib(Unitset.obj)' ou sur 'C:\Users\mpilc\Documents\StarcraftAI\windows\c++\bin\BWAPILIB.pdb' ; l'objet sera lié sans informations de débogage
BWAPILIB.lib(UnitCommand.obj) : warning LNK4099: PDB 'BWAPILIB.pdb' n'a pu être trouvé avec 'BWAPILIB.lib(UnitCommand.obj)' ou sur 'C:\Users\mpilc\Documents\StarcraftAI\windows\c++\bin\BWAPILIB.pdb' ; l'objet sera lié sans informations de débogage
BWAPILIB.lib(UnitType.obj) : warning LNK4099: PDB 'BWAPILIB.pdb' n'a pu être trouvé avec 'BWAPILIB.lib(UnitType.obj)' ou sur 'C:\Users\mpilc\Documents\StarcraftAI\windows\c++\bin\BWAPILIB.pdb' ; l'objet sera lié sans informations de débogage
BWAPILIB.lib(UpgradeType.obj) : warning LNK4099: PDB 'BWAPILIB.pdb' n'a pu être trouvé avec 'BWAPILIB.lib(UpgradeType.obj)' ou sur 'C:\Users\mpilc\Documents\StarcraftAI\windows\c++\bin\BWAPILIB.pdb' ; l'objet sera lié sans informations de débogage
BWAPILIB.lib(WeaponType.obj) : warning LNK4099: PDB 'BWAPILIB.pdb' n'a pu être trouvé avec 'BWAPILIB.lib(WeaponType.obj)' ou sur 'C:\Users\mpilc\Documents\StarcraftAI\windows\c++\bin\BWAPILIB.pdb' ; l'objet sera lié sans informations de débogage
BWAPIClient.lib(BulletImpl.obj) : warning LNK4099: PDB 'BWAPIClient.pdb' n'a pu être trouvé avec 'BWAPIClient.lib(BulletImpl.obj)' ou sur 'C:\Users\mpilc\Documents\StarcraftAI\windows\c++\bin\BWAPIClient.pdb' ; l'objet sera lié sans informations de débogage
BWAPIClient.lib(BulletShared.obj) : warning LNK4099: PDB 'BWAPIClient.pdb' n'a pu être trouvé avec 'BWAPIClient.lib(BulletShared.obj)' ou sur 'C:\Users\mpilc\Documents\StarcraftAI\windows\c++\bin\BWAPIClient.pdb' ; l'objet sera lié sans informations de débogage
BWAPIClient.lib(Client.obj) : warning LNK4099: PDB 'BWAPIClient.pdb' n'a pu être trouvé avec 'BWAPIClient.lib(Client.obj)' ou sur 'C:\Users\mpilc\Documents\StarcraftAI\windows\c++\bin\BWAPIClient.pdb' ; l'objet sera lié sans informations de débogage
BWAPIClient.lib(ForceImpl.obj) : warning LNK4099: PDB 'BWAPIClient.pdb' n'a pu être trouvé avec 'BWAPIClient.lib(ForceImpl.obj)' ou sur 'C:\Users\mpilc\Documents\StarcraftAI\windows\c++\bin\BWAPIClient.pdb' ; l'objet sera lié sans informations de débogage
BWAPIClient.lib(ForceShared.obj) : warning LNK4099: PDB 'BWAPIClient.pdb' n'a pu être trouvé avec 'BWAPIClient.lib(ForceShared.obj)' ou sur 'C:\Users\mpilc\Documents\StarcraftAI\windows\c++\bin\BWAPIClient.pdb' ; l'objet sera lié sans informations de débogage
BWAPIClient.lib(GameImpl.obj) : warning LNK4099: PDB 'BWAPIClient.pdb' n'a pu être trouvé avec 'BWAPIClient.lib(GameImpl.obj)' ou sur 'C:\Users\mpilc\Documents\StarcraftAI\windows\c++\bin\BWAPIClient.pdb' ; l'objet sera lié sans informations de débogage
BWAPIClient.lib(GameShared.obj) : warning LNK4099: PDB 'BWAPIClient.pdb' n'a pu être trouvé avec 'BWAPIClient.lib(GameShared.obj)' ou sur 'C:\Users\mpilc\Documents\StarcraftAI\windows\c++\bin\BWAPIClient.pdb' ; l'objet sera lié sans informations de débogage
BWAPIClient.lib(PlayerImpl.obj) : warning LNK4099: PDB 'BWAPIClient.pdb' n'a pu être trouvé avec 'BWAPIClient.lib(PlayerImpl.obj)' ou sur 'C:\Users\mpilc\Documents\StarcraftAI\windows\c++\bin\BWAPIClient.pdb' ; l'objet sera lié sans informations de débogage
BWAPIClient.lib(PlayerShared.obj) : warning LNK4099: PDB 'BWAPIClient.pdb' n'a pu être trouvé avec 'BWAPIClient.lib(PlayerShared.obj)' ou sur 'C:\Users\mpilc\Documents\StarcraftAI\windows\c++\bin\BWAPIClient.pdb' ; l'objet sera lié sans informations de débogage
BWAPIClient.lib(RegionImpl.obj) : warning LNK4099: PDB 'BWAPIClient.pdb' n'a pu être trouvé avec 'BWAPIClient.lib(RegionImpl.obj)' ou sur 'C:\Users\mpilc\Documents\StarcraftAI\windows\c++\bin\BWAPIClient.pdb' ; l'objet sera lié sans informations de débogage
BWAPIClient.lib(RegionShared.obj) : warning LNK4099: PDB 'BWAPIClient.pdb' n'a pu être trouvé avec 'BWAPIClient.lib(RegionShared.obj)' ou sur 'C:\Users\mpilc\Documents\StarcraftAI\windows\c++\bin\BWAPIClient.pdb' ; l'objet sera lié sans informations de débogage
BWAPIClient.lib(UnitImpl.obj) : warning LNK4099: PDB 'BWAPIClient.pdb' n'a pu être trouvé avec 'BWAPIClient.lib(UnitImpl.obj)' ou sur 'C:\Users\mpilc\Documents\StarcraftAI\windows\c++\bin\BWAPIClient.pdb' ; l'objet sera lié sans informations de débogage
BWAPIClient.lib(UnitShared.obj) : warning LNK4099: PDB 'BWAPIClient.pdb' n'a pu être trouvé avec 'BWAPIClient.lib(UnitShared.obj)' ou sur 'C:\Users\mpilc\Documents\StarcraftAI\windows\c++\bin\BWAPIClient.pdb' ; l'objet sera lié sans informations de débogage
BWEM-Debug.lib(area.obj) : warning LNK4099: PDB 'BWEM-Debug.pdb' n'a pu être trouvé avec 'BWEM-Debug.lib(area.obj)' ou sur 'C:\Users\mpilc\Documents\StarcraftAI\windows\c++\bin\BWEM-Debug.pdb' ; l'objet sera lié sans informations de débogage
BWEM-Debug.lib(base.obj) : warning LNK4099: PDB 'BWEM-Debug.pdb' n'a pu être trouvé avec 'BWEM-Debug.lib(base.obj)' ou sur 'C:\Users\mpilc\Documents\StarcraftAI\windows\c++\bin\BWEM-Debug.pdb' ; l'objet sera lié sans informations de débogage
BWEM-Debug.lib(bwapiExt.obj) : warning LNK4099: PDB 'BWEM-Debug.pdb' n'a pu être trouvé avec 'BWEM-Debug.lib(bwapiExt.obj)' ou sur 'C:\Users\mpilc\Documents\StarcraftAI\windows\c++\bin\BWEM-Debug.pdb' ; l'objet sera lié sans informations de débogage
BWEM-Debug.lib(cp.obj) : warning LNK4099: PDB 'BWEM-Debug.pdb' n'a pu être trouvé avec 'BWEM-Debug.lib(cp.obj)' ou sur 'C:\Users\mpilc\Documents\StarcraftAI\windows\c++\bin\BWEM-Debug.pdb' ; l'objet sera lié sans informations de débogage
BWEM-Debug.lib(graph.obj) : warning LNK4099: PDB 'BWEM-Debug.pdb' n'a pu être trouvé avec 'BWEM-Debug.lib(graph.obj)' ou sur 'C:\Users\mpilc\Documents\StarcraftAI\windows\c++\bin\BWEM-Debug.pdb' ; l'objet sera lié sans informations de débogage
BWEM-Debug.lib(map.obj) : warning LNK4099: PDB 'BWEM-Debug.pdb' n'a pu être trouvé avec 'BWEM-Debug.lib(map.obj)' ou sur 'C:\Users\mpilc\Documents\StarcraftAI\windows\c++\bin\BWEM-Debug.pdb' ; l'objet sera lié sans informations de débogage
BWEM-Debug.lib(mapDrawer.obj) : warning LNK4099: PDB 'BWEM-Debug.pdb' n'a pu être trouvé avec 'BWEM-Debug.lib(mapDrawer.obj)' ou sur 'C:\Users\mpilc\Documents\StarcraftAI\windows\c++\bin\BWEM-Debug.pdb' ; l'objet sera lié sans informations de débogage
BWEM-Debug.lib(mapImpl.obj) : warning LNK4099: PDB 'BWEM-Debug.pdb' n'a pu être trouvé avec 'BWEM-Debug.lib(mapImpl.obj)' ou sur 'C:\Users\mpilc\Documents\StarcraftAI\windows\c++\bin\BWEM-Debug.pdb' ; l'objet sera lié sans informations de débogage
BWEM-Debug.lib(neutral.obj) : warning LNK4099: PDB 'BWEM-Debug.pdb' n'a pu être trouvé avec 'BWEM-Debug.lib(neutral.obj)' ou sur 'C:\Users\mpilc\Documents\StarcraftAI\windows\c++\bin\BWEM-Debug.pdb' ; l'objet sera lié sans informations de débogage
BWEM-Debug.lib(tiles.obj) : warning LNK4099: PDB 'BWEM-Debug.pdb' n'a pu être trouvé avec 'BWEM-Debug.lib(tiles.obj)' ou sur 'C:\Users\mpilc\Documents\StarcraftAI\windows\c++\bin\BWEM-Debug.pdb' ; l'objet sera lié sans informations de débogage
BWEM-Debug.lib(utils.obj) : warning LNK4099: PDB 'BWEM-Debug.pdb' n'a pu être trouvé avec 'BWEM-Debug.lib(utils.obj)' ou sur 'C:\Users\mpilc\Documents\StarcraftAI\windows\c++\bin\BWEM-Debug.pdb' ; l'objet sera lié sans informations de débogage
  KBot.vcxproj -> C:\Users\mpilc\Documents\StarcraftAI\windows\c++\bin\KBotd.exe
